app/build/outputs/logs/manifest-merger-debug-report.txt
-- Merging decision tree log ---
manifest
ADDED from src/main/AndroidManifest.xml:1:1-19:12
INJECTED from src/main/AndroidManifest.xml:1:1-19:12
INJECTED from src/main/AndroidManifest.xml:1:1-19:12
	package
		ADDED from src/main/AndroidManifest.xml:2:9-51
		INJECTED from src/main/AndroidManifest.xml
		INJECTED from src/main/AndroidManifest.xml
	xmlns:android
		ADDED from src/main/AndroidManifest.xml:1:11-69
application
ADDED from src/main/AndroidManifest.xml:3:5-18:19
	android:label
		ADDED from src/main/AndroidManifest.xml:3:18-50
service#com.example.android.softkeyboard.SoftKeyboard
ADDED from src/main/AndroidManifest.xml:4:9-10:19
	android:permission
		ADDED from src/main/AndroidManifest.xml:5:17-74
	android:name
		ADDED from src/main/AndroidManifest.xml:4:18-45
intent-filter#action:name:android.view.InputMethod
ADDED from src/main/AndroidManifest.xml:6:13-8:29
action#android.view.InputMethod
ADDED from src/main/AndroidManifest.xml:7:17-67
	android:name
		ADDED from src/main/AndroidManifest.xml:7:25-64
meta-data#android.view.im
ADDED from src/main/AndroidManifest.xml:9:13-88
	android:resource
		ADDED from src/main/AndroidManifest.xml:9:55-85
	android:name
		ADDED from src/main/AndroidManifest.xml:9:24-54
activity#com.example.android.softkeyboard.ImePreferences
ADDED from src/main/AndroidManifest.xml:12:9-16:20
	android:label
		ADDED from src/main/AndroidManifest.xml:12:50-87
	android:name
		ADDED from src/main/AndroidManifest.xml:12:19-49
intent-filter#action:name:android.intent.action.MAIN
ADDED from src/main/AndroidManifest.xml:13:13-15:29
action#android.intent.action.MAIN
ADDED from src/main/AndroidManifest.xml:14:17-68
	android:name
		ADDED from src/main/AndroidManifest.xml:14:25-66
uses-sdk
INJECTED from src/main/AndroidManifest.xml reason: use-sdk injection requested
INJECTED from src/main/AndroidManifest.xml
INJECTED from src/main/AndroidManifest.xml
INJECTED from src/main/AndroidManifest.xml
INJECTED from src/main/AndroidManifest.xml
	android:targetSdkVersion
		INJECTED from src/main/AndroidManifest.xml
		ADDED from src/main/AndroidManifest.xml
		INJECTED from src/main/AndroidManifest.xml
	android:minSdkVersion
		INJECTED from src/main/AndroidManifest.xml
		ADDED from src/main/AndroidManifest.xml
		INJECTED from src/main/AndroidManifest.xml